0 info it worked if it ends with ok
1 verbose cli [ '/usr/bin/nodejs', '/usr/bin/npm', 'install', 'oniguruma' ]
2 info using npm@1.4.21
3 info using node@v0.10.25
4 verbose cache add [ 'oniguruma', null ]
5 verbose cache add name=undefined spec="oniguruma" args=["oniguruma",null]
6 verbose parsed url { protocol: null,
6 verbose parsed url   slashes: null,
6 verbose parsed url   auth: null,
6 verbose parsed url   host: null,
6 verbose parsed url   port: null,
6 verbose parsed url   hostname: null,
6 verbose parsed url   hash: null,
6 verbose parsed url   search: null,
6 verbose parsed url   query: null,
6 verbose parsed url   pathname: 'oniguruma',
6 verbose parsed url   path: 'oniguruma',
6 verbose parsed url   href: 'oniguruma' }
7 silly lockFile a2f8e097-oniguruma oniguruma
8 verbose lock oniguruma /home/asmi/.npm/a2f8e097-oniguruma.lock
9 silly lockFile a2f8e097-oniguruma oniguruma
10 silly lockFile a2f8e097-oniguruma oniguruma
11 verbose addNamed [ 'oniguruma', '' ]
12 verbose addNamed [ null, '*' ]
13 silly lockFile 2e68c450-oniguruma oniguruma@
14 verbose lock oniguruma@ /home/asmi/.npm/2e68c450-oniguruma.lock
15 silly addNameRange { name: 'oniguruma', range: '*', hasData: false }
16 verbose request where is /oniguruma
17 verbose request registry https://registry.npmjs.org/
18 verbose request id 974debc1a1f24a08
19 verbose url raw /oniguruma
20 verbose url resolving [ 'https://registry.npmjs.org/', './oniguruma' ]
21 verbose url resolved https://registry.npmjs.org/oniguruma
22 verbose request where is https://registry.npmjs.org/oniguruma
23 info trying registry request attempt 1 at 13:07:06
24 verbose etag "F3GMA4ITR9EXXPO296B4Q6AMK"
25 http GET https://registry.npmjs.org/oniguruma
26 http 304 https://registry.npmjs.org/oniguruma
27 silly registry.get cb [ 304,
27 silly registry.get   { date: 'Fri, 08 Jan 2016 07:37:06 GMT',
27 silly registry.get     via: '1.1 varnish',
27 silly registry.get     'cache-control': 'max-age=300',
27 silly registry.get     etag: '"F3GMA4ITR9EXXPO296B4Q6AMK"',
27 silly registry.get     age: '215',
27 silly registry.get     connection: 'keep-alive',
27 silly registry.get     'x-served-by': 'cache-fra1236-FRA',
27 silly registry.get     'x-cache': 'HIT',
27 silly registry.get     'x-cache-hits': '1',
27 silly registry.get     'x-timer': 'S1452238626.910306,VS0,VE0',
27 silly registry.get     vary: 'Accept' } ]
28 verbose etag https://registry.npmjs.org/oniguruma from cache
29 silly addNameRange number 2 { name: 'oniguruma', range: '*', hasData: true }
30 silly addNameRange versions [ 'oniguruma',
30 silly addNameRange   [ '0.1.0',
30 silly addNameRange     '0.2.0',
30 silly addNameRange     '0.3.0',
30 silly addNameRange     '0.4.0',
30 silly addNameRange     '0.5.0',
30 silly addNameRange     '0.6.0',
30 silly addNameRange     '0.7.0',
30 silly addNameRange     '0.8.0',
30 silly addNameRange     '0.9.0',
30 silly addNameRange     '0.10.0',
30 silly addNameRange     '0.11.0',
30 silly addNameRange     '0.12.0',
30 silly addNameRange     '0.13.0',
30 silly addNameRange     '0.14.0',
30 silly addNameRange     '0.15.0',
30 silly addNameRange     '0.16.0',
30 silly addNameRange     '0.17.0',
30 silly addNameRange     '0.18.0',
30 silly addNameRange     '0.19.0',
30 silly addNameRange     '0.20.0',
30 silly addNameRange     '0.21.0',
30 silly addNameRange     '0.22.0',
30 silly addNameRange     '0.23.0',
30 silly addNameRange     '0.24.0',
30 silly addNameRange     '0.25.0',
30 silly addNameRange     '0.26.0',
30 silly addNameRange     '1.0.0',
30 silly addNameRange     '1.0.1',
30 silly addNameRange     '1.0.2',
30 silly addNameRange     '1.0.3',
30 silly addNameRange     '1.0.4',
30 silly addNameRange     '1.0.5',
30 silly addNameRange     '1.0.6',
30 silly addNameRange     '2.0.0',
30 silly addNameRange     '3.0.0',
30 silly addNameRange     '3.0.1',
30 silly addNameRange     '3.0.2',
30 silly addNameRange     '3.0.3',
30 silly addNameRange     '3.0.4',
30 silly addNameRange     '3.0.5',
30 silly addNameRange     '3.0.6',
30 silly addNameRange     '4.0.0',
30 silly addNameRange     '4.1.0',
30 silly addNameRange     '4.2.0',
30 silly addNameRange     '4.2.1',
30 silly addNameRange     '4.2.2',
30 silly addNameRange     '5.0.0',
30 silly addNameRange     '5.0.1',
30 silly addNameRange     '5.1.0',
30 silly addNameRange     '4.2.3',
30 silly addNameRange     '4.2.4',
30 silly addNameRange     '5.1.1',
30 silly addNameRange     '5.1.2',
30 silly addNameRange     '6.0.0' ] ]
31 verbose addNamed [ 'oniguruma', '6.0.0' ]
32 verbose addNamed [ '6.0.0', '6.0.0' ]
33 silly lockFile 415aa80b-oniguruma-6-0-0 oniguruma@6.0.0
34 verbose lock oniguruma@6.0.0 /home/asmi/.npm/415aa80b-oniguruma-6-0-0.lock
35 silly lockFile 4d116264-rg-oniguruma-oniguruma-6-0-0-tgz https://registry.npmjs.org/oniguruma/-/oniguruma-6.0.0.tgz
36 verbose lock https://registry.npmjs.org/oniguruma/-/oniguruma-6.0.0.tgz /home/asmi/.npm/4d116264-rg-oniguruma-oniguruma-6-0-0-tgz.lock
37 verbose addRemoteTarball [ 'https://registry.npmjs.org/oniguruma/-/oniguruma-6.0.0.tgz',
37 verbose addRemoteTarball   '1f949bf7767b09feae51a7036fd77d4a239bdcbf' ]
38 info retry fetch attempt 1 at 13:07:07
39 verbose fetch to= /tmp/npm-8131-R0Lvffjq/registry.npmjs.org/oniguruma/-/oniguruma-6.0.0.tgz
40 http GET https://registry.npmjs.org/oniguruma/-/oniguruma-6.0.0.tgz
41 http 200 https://registry.npmjs.org/oniguruma/-/oniguruma-6.0.0.tgz
42 silly lockFile 4d116264-rg-oniguruma-oniguruma-6-0-0-tgz https://registry.npmjs.org/oniguruma/-/oniguruma-6.0.0.tgz
43 silly lockFile 4d116264-rg-oniguruma-oniguruma-6-0-0-tgz https://registry.npmjs.org/oniguruma/-/oniguruma-6.0.0.tgz
44 silly lockFile 415aa80b-oniguruma-6-0-0 oniguruma@6.0.0
45 silly lockFile 415aa80b-oniguruma-6-0-0 oniguruma@6.0.0
46 silly lockFile 2e68c450-oniguruma oniguruma@
47 silly lockFile 2e68c450-oniguruma oniguruma@
48 silly resolved [ { main: './lib/oniguruma.js',
48 silly resolved     name: 'oniguruma',
48 silly resolved     description: 'oniguruma regular expression library',
48 silly resolved     version: '6.0.0',
48 silly resolved     licenses: [ [Object] ],
48 silly resolved     repository:
48 silly resolved      { type: 'git',
48 silly resolved        url: 'git+https://github.com/atom/node-oniguruma.git' },
48 silly resolved     bugs: { url: 'https://github.com/atom/node-oniguruma/issues' },
48 silly resolved     homepage: 'http://atom.github.io/node-oniguruma',
48 silly resolved     keywords: [ 'regex', 'regexp', 're', 'regular expression', 'async' ],
48 silly resolved     devDependencies:
48 silly resolved      { async: '~0.9.0',
48 silly resolved        'coffee-script': '~1.9.1',
48 silly resolved        coffeelint: '~1.9.2',
48 silly resolved        grunt: '~0.4.5',
48 silly resolved        'grunt-cli': '~0.1.13',
48 silly resolved        'grunt-coffeelint': '0.0.13',
48 silly resolved        'grunt-contrib-coffee': '~0.13.0',
48 silly resolved        'grunt-shell': '~1.1.2',
48 silly resolved        'jasmine-focused': '~1.0.7',
48 silly resolved        'node-cpplint': '~0.4.0' },
48 silly resolved     dependencies: { nan: '^2.0.9' },
48 silly resolved     scripts:
48 silly resolved      { prepublish: 'grunt publish',
48 silly resolved        test: 'grunt test',
48 silly resolved        benchmark: 'benchmark/benchmark.coffee',
48 silly resolved        install: 'node-gyp rebuild' },
48 silly resolved     gypfile: true,
48 silly resolved     gitHead: 'eb920482fe166b994b9a13baf82fe95cd92250d6',
48 silly resolved     _id: 'oniguruma@6.0.0',
48 silly resolved     _shasum: '1f949bf7767b09feae51a7036fd77d4a239bdcbf',
48 silly resolved     _from: 'oniguruma@',
48 silly resolved     _npmVersion: '3.5.0',
48 silly resolved     _nodeVersion: '4.2.2',
48 silly resolved     _npmUser: { name: 'zcbenz', email: 'zcbenz@gmail.com' },
48 silly resolved     maintainers: [ [Object], [Object], [Object], [Object] ],
48 silly resolved     dist:
48 silly resolved      { shasum: '1f949bf7767b09feae51a7036fd77d4a239bdcbf',
48 silly resolved        tarball: 'http://registry.npmjs.org/oniguruma/-/oniguruma-6.0.0.tgz' },
48 silly resolved     directories: {},
48 silly resolved     _resolved: 'https://registry.npmjs.org/oniguruma/-/oniguruma-6.0.0.tgz' } ]
49 info install oniguruma@6.0.0 into /home/asmi/eslambda
50 info installOne oniguruma@6.0.0
51 verbose node_modules/oniguruma unbuild
52 verbose tar unpack /home/asmi/.npm/oniguruma/6.0.0/package.tgz
53 silly lockFile 1f7c9faf--eslambda-node-modules-oniguruma tar:///home/asmi/eslambda/node_modules/oniguruma
54 verbose lock tar:///home/asmi/eslambda/node_modules/oniguruma /home/asmi/.npm/1f7c9faf--eslambda-node-modules-oniguruma.lock
55 silly lockFile 9cdc0508--npm-oniguruma-6-0-0-package-tgz tar:///home/asmi/.npm/oniguruma/6.0.0/package.tgz
56 verbose lock tar:///home/asmi/.npm/oniguruma/6.0.0/package.tgz /home/asmi/.npm/9cdc0508--npm-oniguruma-6-0-0-package-tgz.lock
57 silly gunzTarPerm modes [ '775', '664' ]
58 silly gunzTarPerm extractEntry package.json
59 silly gunzTarPerm modified mode [ 'package.json', 420, 436 ]
60 silly gunzTarPerm extractEntry README.md
61 silly gunzTarPerm modified mode [ 'README.md', 420, 436 ]
62 silly gunzTarPerm extractEntry binding.gyp
63 silly gunzTarPerm modified mode [ 'binding.gyp', 420, 436 ]
64 silly gunzTarPerm extractEntry LICENSE.md
65 silly gunzTarPerm modified mode [ 'LICENSE.md', 420, 436 ]
66 silly gunzTarPerm extractEntry deps/onig/README
67 silly gunzTarPerm modified mode [ 'deps/onig/README', 420, 436 ]
68 silly gunzTarPerm extractEntry deps/onig/oniggnu.h
69 silly gunzTarPerm modified mode [ 'deps/onig/oniggnu.h', 420, 436 ]
70 silly gunzTarPerm extractEntry deps/onig/HISTORY
71 silly gunzTarPerm modified mode [ 'deps/onig/HISTORY', 420, 436 ]
72 silly gunzTarPerm extractEntry deps/onig/INSTALL
73 silly gunzTarPerm modified mode [ 'deps/onig/INSTALL', 420, 436 ]
74 silly gunzTarPerm extractEntry deps/onig/Makefile.am
75 silly gunzTarPerm modified mode [ 'deps/onig/Makefile.am', 420, 436 ]
76 silly gunzTarPerm extractEntry deps/onig/Makefile.in
77 silly gunzTarPerm modified mode [ 'deps/onig/Makefile.in', 420, 436 ]
78 silly gunzTarPerm extractEntry deps/onig/AUTHORS
79 silly gunzTarPerm modified mode [ 'deps/onig/AUTHORS', 420, 436 ]
80 silly gunzTarPerm extractEntry deps/onig/README.ja
81 silly gunzTarPerm modified mode [ 'deps/onig/README.ja', 420, 436 ]
82 silly gunzTarPerm extractEntry deps/onig/aclocal.m4
83 silly gunzTarPerm modified mode [ 'deps/onig/aclocal.m4', 420, 436 ]
84 silly gunzTarPerm extractEntry deps/onig/config.guess
85 silly gunzTarPerm modified mode [ 'deps/onig/config.guess', 493, 509 ]
86 silly gunzTarPerm extractEntry deps/onig/config.h
87 silly gunzTarPerm modified mode [ 'deps/onig/config.h', 420, 436 ]
88 silly gunzTarPerm extractEntry deps/onig/config.h.in
89 silly gunzTarPerm modified mode [ 'deps/onig/config.h.in', 420, 436 ]
90 silly gunzTarPerm extractEntry deps/onig/config.sub
91 silly gunzTarPerm modified mode [ 'deps/onig/config.sub', 493, 509 ]
92 silly gunzTarPerm extractEntry deps/onig/configure
93 silly gunzTarPerm modified mode [ 'deps/onig/configure', 493, 509 ]
94 silly gunzTarPerm extractEntry deps/onig/configure.in
95 silly gunzTarPerm modified mode [ 'deps/onig/configure.in', 420, 436 ]
96 silly gunzTarPerm extractEntry deps/onig/depcomp
97 silly gunzTarPerm modified mode [ 'deps/onig/depcomp', 493, 509 ]
98 silly gunzTarPerm extractEntry deps/onig/doc/API
99 silly gunzTarPerm modified mode [ 'deps/onig/doc/API', 420, 436 ]
100 silly gunzTarPerm extractEntry deps/onig/doc/API.ja
101 silly gunzTarPerm modified mode [ 'deps/onig/doc/API.ja', 420, 436 ]
102 silly gunzTarPerm extractEntry deps/onig/doc/FAQ
103 silly gunzTarPerm modified mode [ 'deps/onig/doc/FAQ', 420, 436 ]
104 silly gunzTarPerm extractEntry deps/onig/doc/FAQ.ja
105 silly gunzTarPerm modified mode [ 'deps/onig/doc/FAQ.ja', 420, 436 ]
106 silly gunzTarPerm extractEntry deps/onig/doc/RE
107 silly gunzTarPerm modified mode [ 'deps/onig/doc/RE', 420, 436 ]
108 silly gunzTarPerm extractEntry deps/onig/doc/RE.ja
109 silly gunzTarPerm modified mode [ 'deps/onig/doc/RE.ja', 420, 436 ]
110 silly gunzTarPerm extractEntry deps/onig/enc/iso8859_4.c
111 silly gunzTarPerm modified mode [ 'deps/onig/enc/iso8859_4.c', 420, 436 ]
112 silly gunzTarPerm extractEntry deps/onig/enc/ascii.c
113 silly gunzTarPerm modified mode [ 'deps/onig/enc/ascii.c', 420, 436 ]
114 silly gunzTarPerm extractEntry deps/onig/enc/cp1251.c
115 silly gunzTarPerm modified mode [ 'deps/onig/enc/cp1251.c', 420, 436 ]
116 silly gunzTarPerm extractEntry deps/onig/enc/euc_jp.c
117 silly gunzTarPerm modified mode [ 'deps/onig/enc/euc_jp.c', 420, 436 ]
118 silly gunzTarPerm extractEntry deps/onig/enc/euc_kr.c
119 silly gunzTarPerm modified mode [ 'deps/onig/enc/euc_kr.c', 420, 436 ]
120 silly gunzTarPerm extractEntry deps/onig/enc/euc_tw.c
121 silly gunzTarPerm modified mode [ 'deps/onig/enc/euc_tw.c', 420, 436 ]
122 silly gunzTarPerm extractEntry deps/onig/enc/gb18030.c
123 silly gunzTarPerm modified mode [ 'deps/onig/enc/gb18030.c', 420, 436 ]
124 silly gunzTarPerm extractEntry deps/onig/enc/iso8859_1.c
125 silly gunzTarPerm modified mode [ 'deps/onig/enc/iso8859_1.c', 420, 436 ]
126 silly gunzTarPerm extractEntry deps/onig/enc/iso8859_10.c
127 silly gunzTarPerm modified mode [ 'deps/onig/enc/iso8859_10.c', 420, 436 ]
128 silly gunzTarPerm extractEntry deps/onig/enc/iso8859_11.c
129 silly gunzTarPerm modified mode [ 'deps/onig/enc/iso8859_11.c', 420, 436 ]
130 silly gunzTarPerm extractEntry deps/onig/enc/iso8859_13.c
131 silly gunzTarPerm modified mode [ 'deps/onig/enc/iso8859_13.c', 420, 436 ]
132 silly gunzTarPerm extractEntry deps/onig/enc/iso8859_14.c
133 silly gunzTarPerm modified mode [ 'deps/onig/enc/iso8859_14.c', 420, 436 ]
134 silly gunzTarPerm extractEntry deps/onig/enc/iso8859_15.c
135 silly gunzTarPerm modified mode [ 'deps/onig/enc/iso8859_15.c', 420, 436 ]
136 silly gunzTarPerm extractEntry deps/onig/enc/iso8859_16.c
137 silly gunzTarPerm modified mode [ 'deps/onig/enc/iso8859_16.c', 420, 436 ]
138 silly gunzTarPerm extractEntry deps/onig/enc/iso8859_2.c
139 silly gunzTarPerm modified mode [ 'deps/onig/enc/iso8859_2.c', 420, 436 ]
140 silly gunzTarPerm extractEntry deps/onig/enc/iso8859_3.c
141 silly gunzTarPerm modified mode [ 'deps/onig/enc/iso8859_3.c', 420, 436 ]
142 silly gunzTarPerm extractEntry deps/onig/enc/big5.c
143 silly gunzTarPerm modified mode [ 'deps/onig/enc/big5.c', 420, 436 ]
144 silly gunzTarPerm extractEntry deps/onig/enc/iso8859_5.c
145 silly gunzTarPerm modified mode [ 'deps/onig/enc/iso8859_5.c', 420, 436 ]
146 silly gunzTarPerm extractEntry deps/onig/enc/iso8859_6.c
147 silly gunzTarPerm modified mode [ 'deps/onig/enc/iso8859_6.c', 420, 436 ]
148 silly gunzTarPerm extractEntry deps/onig/enc/iso8859_7.c
149 silly gunzTarPerm modified mode [ 'deps/onig/enc/iso8859_7.c', 420, 436 ]
150 silly gunzTarPerm extractEntry deps/onig/enc/iso8859_8.c
151 silly gunzTarPerm modified mode [ 'deps/onig/enc/iso8859_8.c', 420, 436 ]
152 silly gunzTarPerm extractEntry deps/onig/enc/iso8859_9.c
153 silly gunzTarPerm modified mode [ 'deps/onig/enc/iso8859_9.c', 420, 436 ]
154 silly gunzTarPerm extractEntry deps/onig/enc/koi8.c
155 silly gunzTarPerm modified mode [ 'deps/onig/enc/koi8.c', 420, 436 ]
156 silly gunzTarPerm extractEntry deps/onig/enc/koi8_r.c
157 silly gunzTarPerm modified mode [ 'deps/onig/enc/koi8_r.c', 420, 436 ]
158 silly gunzTarPerm extractEntry deps/onig/enc/mktable.c
159 silly gunzTarPerm modified mode [ 'deps/onig/enc/mktable.c', 420, 436 ]
160 silly gunzTarPerm extractEntry deps/onig/enc/sjis.c
161 silly gunzTarPerm modified mode [ 'deps/onig/enc/sjis.c', 420, 436 ]
162 silly gunzTarPerm extractEntry deps/onig/enc/unicode.c
163 silly gunzTarPerm modified mode [ 'deps/onig/enc/unicode.c', 420, 436 ]
164 silly gunzTarPerm extractEntry deps/onig/enc/utf16_be.c
165 silly gunzTarPerm modified mode [ 'deps/onig/enc/utf16_be.c', 420, 436 ]
166 silly gunzTarPerm extractEntry deps/onig/enc/utf16_le.c
167 silly gunzTarPerm modified mode [ 'deps/onig/enc/utf16_le.c', 420, 436 ]
168 silly gunzTarPerm extractEntry deps/onig/enc/utf32_be.c
169 silly gunzTarPerm modified mode [ 'deps/onig/enc/utf32_be.c', 420, 436 ]
170 silly gunzTarPerm extractEntry deps/onig/enc/utf32_le.c
171 silly gunzTarPerm modified mode [ 'deps/onig/enc/utf32_le.c', 420, 436 ]
172 silly gunzTarPerm extractEntry deps/onig/enc/utf8.c
173 silly gunzTarPerm modified mode [ 'deps/onig/enc/utf8.c', 420, 436 ]
174 silly gunzTarPerm extractEntry deps/onig/index.html
175 silly gunzTarPerm modified mode [ 'deps/onig/index.html', 420, 436 ]
176 silly gunzTarPerm extractEntry deps/onig/index_ja.html
177 silly gunzTarPerm modified mode [ 'deps/onig/index_ja.html', 420, 436 ]
178 silly gunzTarPerm extractEntry deps/onig/install-sh
179 silly gunzTarPerm modified mode [ 'deps/onig/install-sh', 420, 436 ]
180 silly gunzTarPerm extractEntry deps/onig/ltmain.sh
181 silly gunzTarPerm modified mode [ 'deps/onig/ltmain.sh', 493, 509 ]
182 silly gunzTarPerm extractEntry deps/onig/m4/libtool.m4
183 silly gunzTarPerm modified mode [ 'deps/onig/m4/libtool.m4', 420, 436 ]
184 silly gunzTarPerm extractEntry deps/onig/m4/ltoptions.m4
185 silly gunzTarPerm modified mode [ 'deps/onig/m4/ltoptions.m4', 420, 436 ]
186 silly gunzTarPerm extractEntry deps/onig/m4/ltsugar.m4
187 silly gunzTarPerm modified mode [ 'deps/onig/m4/ltsugar.m4', 420, 436 ]
188 silly gunzTarPerm extractEntry deps/onig/m4/ltversion.m4
189 silly gunzTarPerm modified mode [ 'deps/onig/m4/ltversion.m4', 420, 436 ]
190 silly gunzTarPerm extractEntry deps/onig/m4/lt~obsolete.m4
191 silly gunzTarPerm modified mode [ 'deps/onig/m4/lt~obsolete.m4', 420, 436 ]
192 silly gunzTarPerm extractEntry deps/onig/missing
193 silly gunzTarPerm modified mode [ 'deps/onig/missing', 493, 509 ]
194 silly gunzTarPerm extractEntry deps/onig/onig-config
195 silly gunzTarPerm modified mode [ 'deps/onig/onig-config', 493, 509 ]
196 silly gunzTarPerm extractEntry deps/onig/onig-config.in
197 silly gunzTarPerm modified mode [ 'deps/onig/onig-config.in', 420, 436 ]
198 silly gunzTarPerm extractEntry deps/onig/COPYING
199 silly gunzTarPerm modified mode [ 'deps/onig/COPYING', 420, 436 ]
200 silly gunzTarPerm extractEntry deps/onig/onigposix.h
201 silly gunzTarPerm modified mode [ 'deps/onig/onigposix.h', 420, 436 ]
202 silly gunzTarPerm extractEntry deps/onig/oniguruma.h
203 silly gunzTarPerm modified mode [ 'deps/onig/oniguruma.h', 420, 436 ]
204 silly gunzTarPerm extractEntry deps/onig/oniguruma.pc.in
205 silly gunzTarPerm modified mode [ 'deps/onig/oniguruma.pc.in', 420, 436 ]
206 silly gunzTarPerm extractEntry deps/onig/regcomp.c
207 silly gunzTarPerm modified mode [ 'deps/onig/regcomp.c', 420, 436 ]
208 silly gunzTarPerm extractEntry deps/onig/regenc.c
209 silly gunzTarPerm modified mode [ 'deps/onig/regenc.c', 420, 436 ]
210 silly gunzTarPerm extractEntry deps/onig/regenc.h
211 silly gunzTarPerm modified mode [ 'deps/onig/regenc.h', 420, 436 ]
212 silly gunzTarPerm extractEntry deps/onig/regerror.c
213 silly gunzTarPerm modified mode [ 'deps/onig/regerror.c', 420, 436 ]
214 silly gunzTarPerm extractEntry deps/onig/regexec.c
215 silly gunzTarPerm modified mode [ 'deps/onig/regexec.c', 420, 436 ]
216 silly gunzTarPerm extractEntry deps/onig/regext.c
217 silly gunzTarPerm modified mode [ 'deps/onig/regext.c', 420, 436 ]
218 silly gunzTarPerm extractEntry deps/onig/reggnu.c
219 silly gunzTarPerm modified mode [ 'deps/onig/reggnu.c', 420, 436 ]
220 silly gunzTarPerm extractEntry deps/onig/regint.h
221 silly gunzTarPerm modified mode [ 'deps/onig/regint.h', 420, 436 ]
222 silly gunzTarPerm extractEntry deps/onig/regparse.c
223 silly gunzTarPerm modified mode [ 'deps/onig/regparse.c', 420, 436 ]
224 silly gunzTarPerm extractEntry deps/onig/regparse.h
225 silly gunzTarPerm modified mode [ 'deps/onig/regparse.h', 420, 436 ]
226 silly gunzTarPerm extractEntry deps/onig/regposerr.c
227 silly gunzTarPerm modified mode [ 'deps/onig/regposerr.c', 420, 436 ]
228 silly gunzTarPerm extractEntry deps/onig/regposix.c
229 silly gunzTarPerm modified mode [ 'deps/onig/regposix.c', 420, 436 ]
230 silly gunzTarPerm extractEntry deps/onig/regsyntax.c
231 silly gunzTarPerm modified mode [ 'deps/onig/regsyntax.c', 420, 436 ]
232 silly gunzTarPerm extractEntry deps/onig/regtrav.c
233 silly gunzTarPerm modified mode [ 'deps/onig/regtrav.c', 420, 436 ]
234 silly gunzTarPerm extractEntry deps/onig/regversion.c
235 silly gunzTarPerm modified mode [ 'deps/onig/regversion.c', 420, 436 ]
236 silly gunzTarPerm extractEntry deps/onig/sample/Makefile.am
237 silly gunzTarPerm modified mode [ 'deps/onig/sample/Makefile.am', 420, 436 ]
238 silly gunzTarPerm extractEntry deps/onig/sample/Makefile.in
239 silly gunzTarPerm modified mode [ 'deps/onig/sample/Makefile.in', 420, 436 ]
240 silly gunzTarPerm extractEntry deps/onig/sample/crnl.c
241 silly gunzTarPerm modified mode [ 'deps/onig/sample/crnl.c', 420, 436 ]
242 silly gunzTarPerm extractEntry deps/onig/sample/encode.c
243 silly gunzTarPerm modified mode [ 'deps/onig/sample/encode.c', 420, 436 ]
244 silly gunzTarPerm extractEntry deps/onig/sample/listcap.c
245 silly gunzTarPerm modified mode [ 'deps/onig/sample/listcap.c', 420, 436 ]
246 silly gunzTarPerm extractEntry deps/onig/sample/names.c
247 silly gunzTarPerm modified mode [ 'deps/onig/sample/names.c', 420, 436 ]
248 silly gunzTarPerm extractEntry deps/onig/sample/posix.c
249 silly gunzTarPerm modified mode [ 'deps/onig/sample/posix.c', 420, 436 ]
250 silly gunzTarPerm extractEntry deps/onig/sample/simple.c
251 silly gunzTarPerm modified mode [ 'deps/onig/sample/simple.c', 420, 436 ]
252 silly gunzTarPerm extractEntry deps/onig/sample/sql.c
253 silly gunzTarPerm modified mode [ 'deps/onig/sample/sql.c', 420, 436 ]
254 silly gunzTarPerm extractEntry deps/onig/sample/syntax.c
255 silly gunzTarPerm modified mode [ 'deps/onig/sample/syntax.c', 420, 436 ]
256 silly gunzTarPerm extractEntry deps/onig/st.c
257 silly gunzTarPerm modified mode [ 'deps/onig/st.c', 420, 436 ]
258 silly gunzTarPerm extractEntry deps/onig/st.h
259 silly gunzTarPerm modified mode [ 'deps/onig/st.h', 420, 436 ]
260 silly gunzTarPerm extractEntry deps/onig/stamp-h1
261 silly gunzTarPerm modified mode [ 'deps/onig/stamp-h1', 420, 436 ]
262 silly gunzTarPerm extractEntry deps/onig/testc.c
263 silly gunzTarPerm modified mode [ 'deps/onig/testc.c', 420, 436 ]
264 silly gunzTarPerm extractEntry deps/onig/testu.c
265 silly gunzTarPerm modified mode [ 'deps/onig/testu.c', 420, 436 ]
266 silly gunzTarPerm extractEntry deps/onig/win32/config.h
267 silly gunzTarPerm modified mode [ 'deps/onig/win32/config.h', 420, 436 ]
268 silly gunzTarPerm extractEntry deps/onig/win32/testc.c
269 silly gunzTarPerm modified mode [ 'deps/onig/win32/testc.c', 420, 436 ]
270 silly gunzTarPerm extractEntry lib/onig-reg-exp.js
271 silly gunzTarPerm modified mode [ 'lib/onig-reg-exp.js', 420, 436 ]
272 silly gunzTarPerm extractEntry lib/oniguruma.js
273 silly gunzTarPerm modified mode [ 'lib/oniguruma.js', 420, 436 ]
274 silly gunzTarPerm extractEntry src/onig-scanner.cc
275 silly gunzTarPerm modified mode [ 'src/onig-scanner.cc', 420, 436 ]
276 silly gunzTarPerm extractEntry src/onig-reg-exp.cc
277 silly gunzTarPerm modified mode [ 'src/onig-reg-exp.cc', 420, 436 ]
278 silly gunzTarPerm extractEntry src/onig-result.cc
279 silly gunzTarPerm modified mode [ 'src/onig-result.cc', 420, 436 ]
280 silly gunzTarPerm extractEntry src/onig-result.h
281 silly gunzTarPerm modified mode [ 'src/onig-result.h', 420, 436 ]
282 silly gunzTarPerm extractEntry src/onig-scanner-worker.cc
283 silly gunzTarPerm modified mode [ 'src/onig-scanner-worker.cc', 420, 436 ]
284 silly gunzTarPerm extractEntry src/onig-scanner-worker.h
285 silly gunzTarPerm modified mode [ 'src/onig-scanner-worker.h', 420, 436 ]
286 silly gunzTarPerm extractEntry src/onig-reg-exp.h
287 silly gunzTarPerm modified mode [ 'src/onig-reg-exp.h', 420, 436 ]
288 silly gunzTarPerm extractEntry src/onig-scanner.h
289 silly gunzTarPerm modified mode [ 'src/onig-scanner.h', 420, 436 ]
290 silly gunzTarPerm extractEntry src/onig-searcher.cc
291 silly gunzTarPerm modified mode [ 'src/onig-searcher.cc', 420, 436 ]
292 silly gunzTarPerm extractEntry src/onig-searcher.h
293 silly gunzTarPerm modified mode [ 'src/onig-searcher.h', 420, 436 ]
294 silly gunzTarPerm extractEntry src/onig-string.cc
295 silly gunzTarPerm modified mode [ 'src/onig-string.cc', 420, 436 ]
296 silly gunzTarPerm extractEntry src/onig-string.h
297 silly gunzTarPerm modified mode [ 'src/onig-string.h', 420, 436 ]
298 silly lockFile 1f7c9faf--eslambda-node-modules-oniguruma tar:///home/asmi/eslambda/node_modules/oniguruma
299 silly lockFile 1f7c9faf--eslambda-node-modules-oniguruma tar:///home/asmi/eslambda/node_modules/oniguruma
300 silly lockFile 9cdc0508--npm-oniguruma-6-0-0-package-tgz tar:///home/asmi/.npm/oniguruma/6.0.0/package.tgz
301 silly lockFile 9cdc0508--npm-oniguruma-6-0-0-package-tgz tar:///home/asmi/.npm/oniguruma/6.0.0/package.tgz
302 info preinstall oniguruma@6.0.0
303 verbose readDependencies using package.json deps
304 verbose readDependencies using package.json deps
305 verbose cache add [ 'nan@^2.0.9', null ]
306 verbose cache add name=undefined spec="nan@^2.0.9" args=["nan@^2.0.9",null]
307 verbose parsed url { protocol: null,
307 verbose parsed url   slashes: null,
307 verbose parsed url   auth: null,
307 verbose parsed url   host: null,
307 verbose parsed url   port: null,
307 verbose parsed url   hostname: null,
307 verbose parsed url   hash: null,
307 verbose parsed url   search: null,
307 verbose parsed url   query: null,
307 verbose parsed url   pathname: 'nan@^2.0.9',
307 verbose parsed url   path: 'nan@^2.0.9',
307 verbose parsed url   href: 'nan@^2.0.9' }
308 verbose cache add name="nan" spec="^2.0.9" args=["nan","^2.0.9"]
309 verbose parsed url { protocol: null,
309 verbose parsed url   slashes: null,
309 verbose parsed url   auth: null,
309 verbose parsed url   host: null,
309 verbose parsed url   port: null,
309 verbose parsed url   hostname: null,
309 verbose parsed url   hash: null,
309 verbose parsed url   search: null,
309 verbose parsed url   query: null,
309 verbose parsed url   pathname: '^2.0.9',
309 verbose parsed url   path: '^2.0.9',
309 verbose parsed url   href: '^2.0.9' }
310 verbose addNamed [ 'nan', '^2.0.9' ]
311 verbose addNamed [ null, '>=2.0.9-0 <3.0.0-0' ]
312 silly lockFile b25895e5-nan-2-0-9 nan@^2.0.9
313 verbose lock nan@^2.0.9 /home/asmi/.npm/b25895e5-nan-2-0-9.lock
314 silly addNameRange { name: 'nan', range: '>=2.0.9-0 <3.0.0-0', hasData: false }
315 verbose request where is /nan
316 verbose request registry https://registry.npmjs.org/
317 verbose url raw /nan
318 verbose url resolving [ 'https://registry.npmjs.org/', './nan' ]
319 verbose url resolved https://registry.npmjs.org/nan
320 verbose request where is https://registry.npmjs.org/nan
321 info trying registry request attempt 1 at 13:07:10
322 http GET https://registry.npmjs.org/nan
323 http 200 https://registry.npmjs.org/nan
324 silly registry.get cb [ 200,
324 silly registry.get   { server: 'CouchDB/1.5.0 (Erlang OTP/R16B03)',
324 silly registry.get     etag: '"7CEDVJA24M9BXRU7SU6WRSW4M"',
324 silly registry.get     'content-type': 'application/json',
324 silly registry.get     'cache-control': 'max-age=60',
324 silly registry.get     'content-length': '100080',
324 silly registry.get     'accept-ranges': 'bytes',
324 silly registry.get     date: 'Fri, 08 Jan 2016 07:37:10 GMT',
324 silly registry.get     via: '1.1 varnish',
324 silly registry.get     age: '38',
324 silly registry.get     connection: 'keep-alive',
324 silly registry.get     'x-served-by': 'cache-fra1225-FRA',
324 silly registry.get     'x-cache': 'HIT',
324 silly registry.get     'x-cache-hits': '2',
324 silly registry.get     'x-timer': 'S1452238630.636160,VS0,VE0',
324 silly registry.get     vary: 'Accept' } ]
325 silly addNameRange number 2 { name: 'nan', range: '>=2.0.9-0 <3.0.0-0', hasData: true }
326 silly addNameRange versions [ 'nan',
326 silly addNameRange   [ '0.3.0-wip',
326 silly addNameRange     '0.3.0-wip2',
326 silly addNameRange     '0.3.0',
326 silly addNameRange     '0.3.1',
326 silly addNameRange     '0.3.2',
326 silly addNameRange     '0.4.0',
326 silly addNameRange     '0.4.1',
326 silly addNameRange     '0.4.2',
326 silly addNameRange     '0.4.3',
326 silly addNameRange     '0.4.4',
326 silly addNameRange     '0.5.0',
326 silly addNameRange     '0.5.1',
326 silly addNameRange     '0.5.2',
326 silly addNameRange     '0.6.0',
326 silly addNameRange     '0.7.0',
326 silly addNameRange     '0.7.1',
326 silly addNameRange     '0.8.0',
326 silly addNameRange     '1.0.0',
326 silly addNameRange     '1.1.0',
326 silly addNameRange     '1.1.1',
326 silly addNameRange     '1.1.2',
326 silly addNameRange     '1.2.0',
326 silly addNameRange     '1.3.0',
326 silly addNameRange     '1.4.0',
326 silly addNameRange     '1.4.1',
326 silly addNameRange     '1.5.0',
326 silly addNameRange     '1.4.2',
326 silly addNameRange     '1.4.3',
326 silly addNameRange     '1.5.1',
326 silly addNameRange     '1.5.2',
326 silly addNameRange     '1.6.0',
326 silly addNameRange     '1.5.3',
326 silly addNameRange     '1.6.1',
326 silly addNameRange     '1.6.2',
326 silly addNameRange     '1.7.0',
326 silly addNameRange     '1.8.0',
326 silly addNameRange     '1.8.1',
326 silly addNameRange     '1.8.2',
326 silly addNameRange     '1.8.3',
326 silly addNameRange     '1.8.4',
326 silly addNameRange     '1.9.0',
326 silly addNameRange     '2.0.0',
326 silly addNameRange     '2.0.1',
326 silly addNameRange     '2.0.2',
326 silly addNameRange     '2.0.3',
326 silly addNameRange     '2.0.4',
326 silly addNameRange     '2.0.5',
326 silly addNameRange     '2.0.6',
326 silly addNameRange     '2.0.7',
326 silly addNameRange     '2.0.8',
326 silly addNameRange     '2.0.9',
326 silly addNameRange     '2.1.0' ] ]
327 verbose addNamed [ 'nan', '2.1.0' ]
328 verbose addNamed [ '2.1.0', '2.1.0' ]
329 silly lockFile 30bc2358-nan-2-1-0 nan@2.1.0
330 verbose lock nan@2.1.0 /home/asmi/.npm/30bc2358-nan-2-1-0.lock
331 silly lockFile bfd3e65b-stry-npmjs-org-nan-nan-2-1-0-tgz https://registry.npmjs.org/nan/-/nan-2.1.0.tgz
332 verbose lock https://registry.npmjs.org/nan/-/nan-2.1.0.tgz /home/asmi/.npm/bfd3e65b-stry-npmjs-org-nan-nan-2-1-0-tgz.lock
333 verbose addRemoteTarball [ 'https://registry.npmjs.org/nan/-/nan-2.1.0.tgz',
333 verbose addRemoteTarball   '020a7ccedc63fdee85f85967d5607849e74abbe8' ]
334 info retry fetch attempt 1 at 13:07:12
335 verbose fetch to= /tmp/npm-8131-R0Lvffjq/registry.npmjs.org/nan/-/nan-2.1.0.tgz
336 http GET https://registry.npmjs.org/nan/-/nan-2.1.0.tgz
337 http 200 https://registry.npmjs.org/nan/-/nan-2.1.0.tgz
338 silly lockFile bfd3e65b-stry-npmjs-org-nan-nan-2-1-0-tgz https://registry.npmjs.org/nan/-/nan-2.1.0.tgz
339 silly lockFile bfd3e65b-stry-npmjs-org-nan-nan-2-1-0-tgz https://registry.npmjs.org/nan/-/nan-2.1.0.tgz
340 silly lockFile 30bc2358-nan-2-1-0 nan@2.1.0
341 silly lockFile 30bc2358-nan-2-1-0 nan@2.1.0
342 silly lockFile b25895e5-nan-2-0-9 nan@^2.0.9
343 silly lockFile b25895e5-nan-2-0-9 nan@^2.0.9
344 silly resolved [ { name: 'nan',
344 silly resolved     version: '2.1.0',
344 silly resolved     description: 'Native Abstractions for Node.js: C++ header for Node 0.8 -> 4 compatibility',
344 silly resolved     main: 'include_dirs.js',
344 silly resolved     repository: { type: 'git', url: 'git://github.com/nodejs/nan.git' },
344 silly resolved     scripts:
344 silly resolved      { test: 'tap --gc test/js/*-test.js',
344 silly resolved        'rebuild-tests': 'node-gyp rebuild --msvs_version=2013 --directory test',
344 silly resolved        docs: 'doc/.build.sh' },
344 silly resolved     contributors:
344 silly resolved      [ [Object],
344 silly resolved        [Object],
344 silly resolved        [Object],
344 silly resolved        [Object],
344 silly resolved        [Object],
344 silly resolved        [Object],
344 silly resolved        [Object] ],
344 silly resolved     devDependencies:
344 silly resolved      { bindings: '~1.2.1',
344 silly resolved        commander: '^2.8.1',
344 silly resolved        glob: '^5.0.14',
344 silly resolved        'node-gyp': '~3.0.1',
344 silly resolved        tap: '~0.7.1',
344 silly resolved        xtend: '~4.0.0' },
344 silly resolved     license: 'MIT',
344 silly resolved     bugs: { url: 'https://github.com/nodejs/nan/issues' },
344 silly resolved     homepage: 'https://github.com/nodejs/nan#readme',
344 silly resolved     _id: 'nan@2.1.0',
344 silly resolved     _shasum: '020a7ccedc63fdee85f85967d5607849e74abbe8',
344 silly resolved     _resolved: 'https://registry.npmjs.org/nan/-/nan-2.1.0.tgz',
344 silly resolved     _from: 'nan@^2.0.9',
344 silly resolved     _npmVersion: '3.3.5',
344 silly resolved     _nodeVersion: '4.1.2',
344 silly resolved     _npmUser: { name: 'kkoopa', email: 'bbyholm@abo.fi' },
344 silly resolved     dist:
344 silly resolved      { shasum: '020a7ccedc63fdee85f85967d5607849e74abbe8',
344 silly resolved        tarball: 'http://registry.npmjs.org/nan/-/nan-2.1.0.tgz' },
344 silly resolved     maintainers: [ [Object], [Object] ],
344 silly resolved     directories: {} } ]
345 info install nan@2.1.0 into /home/asmi/eslambda/node_modules/oniguruma
346 info installOne nan@2.1.0
347 verbose node_modules/oniguruma/node_modules/nan unbuild
348 verbose tar unpack /home/asmi/.npm/nan/2.1.0/package.tgz
349 silly lockFile 9c6c8c7c-dules-oniguruma-node-modules-nan tar:///home/asmi/eslambda/node_modules/oniguruma/node_modules/nan
350 verbose lock tar:///home/asmi/eslambda/node_modules/oniguruma/node_modules/nan /home/asmi/.npm/9c6c8c7c-dules-oniguruma-node-modules-nan.lock
351 silly lockFile 561191e7-e-asmi-npm-nan-2-1-0-package-tgz tar:///home/asmi/.npm/nan/2.1.0/package.tgz
352 verbose lock tar:///home/asmi/.npm/nan/2.1.0/package.tgz /home/asmi/.npm/561191e7-e-asmi-npm-nan-2-1-0-package-tgz.lock
353 silly gunzTarPerm modes [ '775', '664' ]
354 silly gunzTarPerm extractEntry package.json
355 silly gunzTarPerm extractEntry README.md
356 silly gunzTarPerm extractEntry include_dirs.js
357 silly gunzTarPerm extractEntry nan_converters.h
358 silly gunzTarPerm extractEntry LICENSE.md
359 silly gunzTarPerm extractEntry .dntrc
360 silly gunzTarPerm extractEntry appveyor.yml
361 silly gunzTarPerm extractEntry doc/new.md
362 silly gunzTarPerm extractEntry doc/.build.sh
363 silly gunzTarPerm extractEntry doc/buffers.md
364 silly gunzTarPerm extractEntry doc/callback.md
365 silly gunzTarPerm extractEntry doc/converters.md
366 silly gunzTarPerm extractEntry doc/errors.md
367 silly gunzTarPerm extractEntry doc/maybe_types.md
368 silly gunzTarPerm extractEntry doc/methods.md
369 silly gunzTarPerm extractEntry doc/asyncworker.md
370 silly gunzTarPerm extractEntry doc/node_misc.md
371 silly gunzTarPerm extractEntry doc/persistent.md
372 silly gunzTarPerm extractEntry doc/scopes.md
373 silly gunzTarPerm extractEntry doc/script.md
374 silly gunzTarPerm extractEntry doc/string_bytes.md
375 silly gunzTarPerm extractEntry doc/v8_internals.md
376 silly gunzTarPerm extractEntry doc/v8_misc.md
377 silly gunzTarPerm extractEntry nan.h
378 silly gunzTarPerm extractEntry nan_callbacks.h
379 silly gunzTarPerm extractEntry nan_callbacks_12_inl.h
380 silly gunzTarPerm extractEntry nan_callbacks_pre_12_inl.h
381 silly gunzTarPerm extractEntry nan_converters_43_inl.h
382 silly gunzTarPerm extractEntry nan_converters_pre_43_inl.h
383 silly gunzTarPerm extractEntry nan_implementation_12_inl.h
384 silly gunzTarPerm extractEntry nan_implementation_pre_12_inl.h
385 silly gunzTarPerm extractEntry nan_maybe_43_inl.h
386 silly gunzTarPerm extractEntry nan_maybe_pre_43_inl.h
387 silly gunzTarPerm extractEntry nan_new.h
388 silly gunzTarPerm extractEntry nan_object_wrap.h
389 silly gunzTarPerm extractEntry nan_persistent_12_inl.h
390 silly gunzTarPerm extractEntry nan_persistent_pre_12_inl.h
391 silly gunzTarPerm extractEntry nan_string_bytes.h
392 silly gunzTarPerm extractEntry nan_typedarray_contents.h
393 silly gunzTarPerm extractEntry nan_weak.h
394 silly gunzTarPerm extractEntry CHANGELOG.md
395 silly gunzTarPerm extractEntry tools/package.json
396 silly gunzTarPerm extractEntry tools/README.md
397 silly gunzTarPerm extractEntry tools/1to2.js
398 silly lockFile 9c6c8c7c-dules-oniguruma-node-modules-nan tar:///home/asmi/eslambda/node_modules/oniguruma/node_modules/nan
399 silly lockFile 9c6c8c7c-dules-oniguruma-node-modules-nan tar:///home/asmi/eslambda/node_modules/oniguruma/node_modules/nan
400 silly lockFile 561191e7-e-asmi-npm-nan-2-1-0-package-tgz tar:///home/asmi/.npm/nan/2.1.0/package.tgz
401 silly lockFile 561191e7-e-asmi-npm-nan-2-1-0-package-tgz tar:///home/asmi/.npm/nan/2.1.0/package.tgz
402 info preinstall nan@2.1.0
403 verbose readDependencies using package.json deps
404 verbose readDependencies using package.json deps
405 silly resolved []
406 verbose about to build /home/asmi/eslambda/node_modules/oniguruma/node_modules/nan
407 info build /home/asmi/eslambda/node_modules/oniguruma/node_modules/nan
408 verbose linkStuff [ false,
408 verbose linkStuff   false,
408 verbose linkStuff   false,
408 verbose linkStuff   '/home/asmi/eslambda/node_modules/oniguruma/node_modules' ]
409 info linkStuff nan@2.1.0
410 verbose linkBins nan@2.1.0
411 verbose linkMans nan@2.1.0
412 verbose rebuildBundles nan@2.1.0
413 info install nan@2.1.0
414 info postinstall nan@2.1.0
415 verbose about to build /home/asmi/eslambda/node_modules/oniguruma
416 info build /home/asmi/eslambda/node_modules/oniguruma
417 verbose linkStuff [ false, false, false, '/home/asmi/eslambda/node_modules' ]
418 info linkStuff oniguruma@6.0.0
419 verbose linkBins oniguruma@6.0.0
420 verbose linkMans oniguruma@6.0.0
421 verbose rebuildBundles oniguruma@6.0.0
422 verbose rebuildBundles [ 'nan' ]
423 info install oniguruma@6.0.0
424 verbose unsafe-perm in lifecycle true
425 info oniguruma@6.0.0 Failed to exec install script
426 verbose node_modules/oniguruma unbuild
427 warn This failure might be due to the use of legacy binary "node"
428 warn For further explanations, please read
/usr/share/doc/nodejs/README.Debian
429 info preuninstall oniguruma@6.0.0
430 info uninstall oniguruma@6.0.0
431 verbose true,/home/asmi/eslambda/node_modules,/home/asmi/eslambda/node_modules unbuild oniguruma@6.0.0
432 info postuninstall oniguruma@6.0.0
433 error oniguruma@6.0.0 install: `node-gyp rebuild`
433 error Exit status 127
434 error Failed at the oniguruma@6.0.0 install script.
434 error This is most likely a problem with the oniguruma package,
434 error not with npm itself.
434 error Tell the author that this fails on your system:
434 error     node-gyp rebuild
434 error You can get their info via:
434 error     npm owner ls oniguruma
434 error There is likely additional logging output above.
435 error System Linux 3.19.0-32-generic
436 error command "/usr/bin/nodejs" "/usr/bin/npm" "install" "oniguruma"
437 error cwd /home/asmi/eslambda
438 error node -v v0.10.25
439 error npm -v 1.4.21
440 error code ELIFECYCLE
441 verbose exit [ 1, true ]
